<?xml version="1.0" encoding="UTF-8"?>
<!-- Generated by org.testng.reporters.JUnitXMLReporter -->
<testsuite ignored="1" hostname="DESKTOP-FAJ98M7" failures="0" tests="3" name="Test" time="8.028" errors="0" timestamp="2021-03-21T00:09:21 IST">
  <testcase classname="com.app.gethyphen.tests.LoginOtp" name="openLoginPage" time="6.569"/>
  <testcase classname="com.app.gethyphen.tests.LoginOtp" name="otpLoginPage" time="1.356"/>
  <testcase classname="com.app.gethyphen.tests.CreatePollTest" name="startPoll" time="0.011"/>
  <testcase classname="com.app.gethyphen.testbase.TestBase" name="@BeforeSuite beforeSuite" time="0.0">
    <ignored/>
  </testcase> <!-- @BeforeSuite beforeSuite -->
</testsuite> <!-- Test -->
