<?xml version="1.0" encoding="UTF-8"?>
<!-- Generated by org.testng.reporters.JUnitXMLReporter -->
<testsuite ignored="4" hostname="DESKTOP-FAJ98M7" failures="0" tests="4" name="Test" time="23.176" errors="0" timestamp="2021-03-22T04:41:42 IST">
  <testcase classname="com.app.gethyphen.tests.LoginOtp" name="openLoginPage" time="6.535"/>
  <testcase classname="com.app.gethyphen.tests.LoginOtp" name="otpLoginPage" time="1.467"/>
  <testcase classname="com.app.gethyphen.tests.CreatePollTest" name="startPoll" time="13.725"/>
  <testcase classname="com.app.gethyphen.tests.Logout" name="logout" time="1.355"/>
  <testcase classname="com.app.gethyphen.testbase.TestBase" name="@AfterSuite closeBrowser" time="0.0">
    <ignored/>
  </testcase> <!-- @AfterSuite closeBrowser -->
  <testcase classname="com.app.gethyphen.testbase.TestBase" name="@AfterSuite closeBrowser" time="0.0">
    <ignored/>
  </testcase> <!-- @AfterSuite closeBrowser -->
  <testcase classname="com.app.gethyphen.testbase.TestBase" name="@BeforeSuite beforeSuite" time="0.0">
    <ignored/>
  </testcase> <!-- @BeforeSuite beforeSuite -->
  <testcase classname="com.app.gethyphen.testbase.TestBase" name="@BeforeSuite beforeSuite" time="0.0">
    <ignored/>
  </testcase> <!-- @BeforeSuite beforeSuite -->
</testsuite> <!-- Test -->
