<?xml version="1.0" encoding="UTF-8"?>
<!-- Generated by org.testng.reporters.JUnitXMLReporter -->
<testsuite ignored="0" hostname="DESKTOP-FAJ98M7" failures="1" tests="2" name="Login to Create Poll page" time="0.136" errors="0" timestamp="2021-03-20T21:42:57 IST">
  <testcase classname="com.app.gethyphen.tests.LoginOtp" name="openLoginPage" time="0.056">
    <failure type="java.lang.NullPointerException" message="Cannot invoke &amp;quot;org.openqa.selenium.WebDriver.navigate()&amp;quot; because &amp;quot;this.driver&amp;quot; is null">
      <![CDATA[java.lang.NullPointerException: Cannot invoke "org.openqa.selenium.WebDriver.navigate()" because "this.driver" is null
at com.app.gethyphen.testPages.LoginPage.openLoginPage(LoginPage.java:27)
at com.app.gethyphen.tests.LoginOtp.openLoginPage(LoginOtp.java:17)
at java.base/java.util.ArrayList.forEach(ArrayList.java:1511)
... Removed 27 stack frames]]>
    </failure>
  </testcase> <!-- openLoginPage -->
  <testcase classname="com.app.gethyphen.tests.LoginOtp" name="otpLoginPage" time="0.0">
    <skipped/>
  </testcase> <!-- otpLoginPage -->
</testsuite> <!-- Login to Create Poll page -->
