<?xml version="1.0" encoding="UTF-8"?>
<!-- Generated by org.testng.reporters.JUnitXMLReporter -->
<testsuite ignored="2" hostname="DESKTOP-FAJ98M7" failures="0" tests="3" name="Test" time="13.694" errors="0" timestamp="2021-03-20T22:50:40 IST">
  <testcase classname="com.app.gethyphen.tests.LoginOtp" name="openLoginPage" time="10.506"/>
  <testcase classname="com.app.gethyphen.tests.LoginOtp" name="otpLoginPage" time="0.825"/>
  <testcase classname="com.app.gethyphen.tests.CreatePollTest" name="startPoll" time="0.023"/>
  <testcase classname="com.app.gethyphen.testbase.TestBase" name="@AfterSuite closeBrowser" time="0.0">
    <ignored/>
  </testcase> <!-- @AfterSuite closeBrowser -->
  <testcase classname="com.app.gethyphen.testbase.TestBase" name="@BeforeSuite beforeSuite" time="0.0">
    <ignored/>
  </testcase> <!-- @BeforeSuite beforeSuite -->
</testsuite> <!-- Test -->
