<?xml version="1.0" encoding="UTF-8"?>
<testng-results ignored="2" total="5" passed="3" failed="0" skipped="0">
  <reporter-output>
  </reporter-output>
  <suite started-at="2021-03-20T22:50:26 IST" name="Suite" finished-at="2021-03-20T22:50:40 IST" duration-ms="13694">
    <groups>
      <group name="createPoll">
        <method signature="CreatePollTest.startPoll()[pri:0, instance:com.app.gethyphen.tests.CreatePollTest@2e222612]" name="startPoll" class="com.app.gethyphen.tests.CreatePollTest"/>
      </group> <!-- createPoll -->
      <group name="login">
        <method signature="LoginOtp.openLoginPage()[pri:0, instance:com.app.gethyphen.tests.LoginOtp@3246fb96]" name="openLoginPage" class="com.app.gethyphen.tests.LoginOtp"/>
        <method signature="LoginOtp.otpLoginPage()[pri:1, instance:com.app.gethyphen.tests.LoginOtp@3246fb96]" name="otpLoginPage" class="com.app.gethyphen.tests.LoginOtp"/>
      </group> <!-- login -->
    </groups>
    <test started-at="2021-03-20T22:50:26 IST" name="Test" finished-at="2021-03-20T22:50:40 IST" duration-ms="13694">
      <class name="com.app.gethyphen.tests.LoginOtp">
        <test-method is-config="true" signature="beforeSuite()[pri:0, instance:com.app.gethyphen.tests.LoginOtp@3246fb96]" started-at="2021-03-20T22:50:22 IST" name="beforeSuite" finished-at="2021-03-20T22:50:26 IST" duration-ms="3733" status="PASS">
          <reporter-output>
          </reporter-output>
        </test-method> <!-- beforeSuite -->
        <test-method signature="openLoginPage()[pri:0, instance:com.app.gethyphen.tests.LoginOtp@3246fb96]" started-at="2021-03-20T22:50:26 IST" name="openLoginPage" finished-at="2021-03-20T22:50:36 IST" duration-ms="10506" status="PASS">
          <reporter-output>
          </reporter-output>
        </test-method> <!-- openLoginPage -->
        <test-method is-config="true" signature="afterMethod(org.testng.ITestResult)[pri:0, instance:com.app.gethyphen.tests.LoginOtp@3246fb96]" started-at="2021-03-20T22:50:36 IST" name="afterMethod" finished-at="2021-03-20T22:50:38 IST" duration-ms="1208" status="PASS">
          <params>
            <param index="0">
              <value>
                <![CDATA[[TestResult name=openLoginPage status=SUCCESS method=LoginOtp.openLoginPage()[pri:0, instance:com.app.gethyphen.tests.LoginOtp@3246fb96] output={null}]]]>
              </value>
            </param>
          </params>
          <reporter-output>
          </reporter-output>
        </test-method> <!-- afterMethod -->
        <test-method signature="otpLoginPage()[pri:1, instance:com.app.gethyphen.tests.LoginOtp@3246fb96]" started-at="2021-03-20T22:50:38 IST" name="otpLoginPage" finished-at="2021-03-20T22:50:39 IST" depends-on-methods="com.app.gethyphen.tests.LoginOtp.openLoginPage" duration-ms="825" status="PASS">
          <reporter-output>
          </reporter-output>
        </test-method> <!-- otpLoginPage -->
        <test-method is-config="true" signature="afterMethod(org.testng.ITestResult)[pri:0, instance:com.app.gethyphen.tests.LoginOtp@3246fb96]" started-at="2021-03-20T22:50:39 IST" name="afterMethod" finished-at="2021-03-20T22:50:40 IST" duration-ms="1076" status="PASS">
          <params>
            <param index="0">
              <value>
                <![CDATA[[TestResult name=otpLoginPage status=SUCCESS method=LoginOtp.otpLoginPage()[pri:1, instance:com.app.gethyphen.tests.LoginOtp@3246fb96] output={null}]]]>
              </value>
            </param>
          </params>
          <reporter-output>
          </reporter-output>
        </test-method> <!-- afterMethod -->
        <test-method is-config="true" signature="closeBrowser()[pri:0, instance:com.app.gethyphen.tests.LoginOtp@3246fb96]" started-at="2021-03-20T22:50:40 IST" name="closeBrowser" finished-at="2021-03-20T22:50:41 IST" duration-ms="887" status="PASS">
          <reporter-output>
          </reporter-output>
        </test-method> <!-- closeBrowser -->
      </class> <!-- com.app.gethyphen.tests.LoginOtp -->
      <class name="com.app.gethyphen.tests.CreatePollTest">
        <test-method signature="startPoll()[pri:0, instance:com.app.gethyphen.tests.CreatePollTest@2e222612]" started-at="2021-03-20T22:50:40 IST" name="startPoll" depends-on-groups="login" finished-at="2021-03-20T22:50:40 IST" duration-ms="23" status="PASS">
          <reporter-output>
          </reporter-output>
        </test-method> <!-- startPoll -->
        <test-method is-config="true" signature="afterMethod(org.testng.ITestResult)[pri:0, instance:com.app.gethyphen.tests.CreatePollTest@2e222612]" started-at="2021-03-20T22:50:40 IST" name="afterMethod" finished-at="2021-03-20T22:50:40 IST" duration-ms="4" status="PASS">
          <params>
            <param index="0">
              <value>
                <![CDATA[[TestResult name=startPoll status=SUCCESS method=CreatePollTest.startPoll()[pri:0, instance:com.app.gethyphen.tests.CreatePollTest@2e222612] output={null}]]]>
              </value>
            </param>
          </params>
          <reporter-output>
          </reporter-output>
        </test-method> <!-- afterMethod -->
      </class> <!-- com.app.gethyphen.tests.CreatePollTest -->
    </test> <!-- Test -->
  </suite> <!-- Suite -->
</testng-results>
