<?xml version="1.0" encoding="UTF-8"?>
<testng-results ignored="1" total="4" passed="3" failed="0" skipped="0">
  <reporter-output>
  </reporter-output>
  <suite started-at="2021-03-21T00:09:13 IST" name="Suite" finished-at="2021-03-21T00:09:21 IST" duration-ms="8028">
    <groups>
      <group name="createPoll">
        <method signature="CreatePollTest.startPoll()[pri:0, instance:com.app.gethyphen.tests.CreatePollTest@4bb33f74]" name="startPoll" class="com.app.gethyphen.tests.CreatePollTest"/>
      </group> <!-- createPoll -->
      <group name="login">
        <method signature="LoginOtp.openLoginPage()[pri:0, instance:com.app.gethyphen.tests.LoginOtp@14555e0a]" name="openLoginPage" class="com.app.gethyphen.tests.LoginOtp"/>
        <method signature="LoginOtp.otpLoginPage()[pri:1, instance:com.app.gethyphen.tests.LoginOtp@14555e0a]" name="otpLoginPage" class="com.app.gethyphen.tests.LoginOtp"/>
      </group> <!-- login -->
    </groups>
    <test started-at="2021-03-21T00:09:13 IST" name="Test" finished-at="2021-03-21T00:09:21 IST" duration-ms="8028">
      <class name="com.app.gethyphen.tests.LoginOtp">
        <test-method is-config="true" signature="beforeSuite()[pri:0, instance:com.app.gethyphen.tests.LoginOtp@14555e0a]" started-at="2021-03-21T00:09:10 IST" name="beforeSuite" finished-at="2021-03-21T00:09:13 IST" duration-ms="2977" status="PASS">
          <reporter-output>
          </reporter-output>
        </test-method> <!-- beforeSuite -->
        <test-method signature="openLoginPage()[pri:0, instance:com.app.gethyphen.tests.LoginOtp@14555e0a]" started-at="2021-03-21T00:09:13 IST" name="openLoginPage" finished-at="2021-03-21T00:09:20 IST" duration-ms="6569" status="PASS">
          <reporter-output>
          </reporter-output>
        </test-method> <!-- openLoginPage -->
        <test-method is-config="true" signature="afterMethod(org.testng.ITestResult)[pri:0, instance:com.app.gethyphen.tests.LoginOtp@14555e0a]" started-at="2021-03-21T00:09:20 IST" name="afterMethod" finished-at="2021-03-21T00:09:20 IST" duration-ms="11" status="PASS">
          <params>
            <param index="0">
              <value>
                <![CDATA[[TestResult name=openLoginPage status=SUCCESS method=LoginOtp.openLoginPage()[pri:0, instance:com.app.gethyphen.tests.LoginOtp@14555e0a] output={null}]]]>
              </value>
            </param>
          </params>
          <reporter-output>
          </reporter-output>
        </test-method> <!-- afterMethod -->
        <test-method signature="otpLoginPage()[pri:1, instance:com.app.gethyphen.tests.LoginOtp@14555e0a]" started-at="2021-03-21T00:09:20 IST" name="otpLoginPage" finished-at="2021-03-21T00:09:21 IST" depends-on-methods="com.app.gethyphen.tests.LoginOtp.openLoginPage" duration-ms="1356" status="PASS">
          <reporter-output>
          </reporter-output>
        </test-method> <!-- otpLoginPage -->
        <test-method is-config="true" signature="afterMethod(org.testng.ITestResult)[pri:0, instance:com.app.gethyphen.tests.LoginOtp@14555e0a]" started-at="2021-03-21T00:09:21 IST" name="afterMethod" finished-at="2021-03-21T00:09:21 IST" duration-ms="2" status="PASS">
          <params>
            <param index="0">
              <value>
                <![CDATA[[TestResult name=otpLoginPage status=SUCCESS method=LoginOtp.otpLoginPage()[pri:1, instance:com.app.gethyphen.tests.LoginOtp@14555e0a] output={null}]]]>
              </value>
            </param>
          </params>
          <reporter-output>
          </reporter-output>
        </test-method> <!-- afterMethod -->
      </class> <!-- com.app.gethyphen.tests.LoginOtp -->
      <class name="com.app.gethyphen.tests.CreatePollTest">
        <test-method signature="startPoll()[pri:0, instance:com.app.gethyphen.tests.CreatePollTest@4bb33f74]" started-at="2021-03-21T00:09:21 IST" name="startPoll" depends-on-groups="login" finished-at="2021-03-21T00:09:21 IST" duration-ms="11" status="PASS">
          <reporter-output>
          </reporter-output>
        </test-method> <!-- startPoll -->
        <test-method is-config="true" signature="afterMethod(org.testng.ITestResult)[pri:0, instance:com.app.gethyphen.tests.CreatePollTest@4bb33f74]" started-at="2021-03-21T00:09:21 IST" name="afterMethod" finished-at="2021-03-21T00:09:21 IST" duration-ms="1" status="PASS">
          <params>
            <param index="0">
              <value>
                <![CDATA[[TestResult name=startPoll status=SUCCESS method=CreatePollTest.startPoll()[pri:0, instance:com.app.gethyphen.tests.CreatePollTest@4bb33f74] output={null}]]]>
              </value>
            </param>
          </params>
          <reporter-output>
          </reporter-output>
        </test-method> <!-- afterMethod -->
      </class> <!-- com.app.gethyphen.tests.CreatePollTest -->
    </test> <!-- Test -->
  </suite> <!-- Suite -->
</testng-results>
